<?xml version="1.0" encoding="UTF-8"?>
<!-- Generated by org.testng.reporters.JUnitReportReporter -->
<testsuite hostname="HVTNDAL0854" failures="0" tests="2" name="TestngProject.testng1.third" time="0.036" errors="0" timestamp="2024-05-02T19:56:59 IST" skipped="0">
  <testcase classname="TestngProject.testng1.third" name="third1" time="0.016"/>
  <testcase classname="TestngProject.testng1.third" name="second" time="0.020"/>
</testsuite> <!-- TestngProject.testng1.third -->
