<?xml version="1.0" encoding="UTF-8"?>
<!-- Generated by org.testng.reporters.JUnitReportReporter -->
<testsuite hostname="HVTNDAL0854" failures="0" tests="5" name="TestngProject.testng1.first" time="0.084" errors="0" timestamp="2024-05-02T19:56:59 IST" skipped="0">
  <testcase classname="TestngProject.testng1.first" name="demo" time="0.020"/>
  <testcase classname="TestngProject.testng1.first" name="second" time="0.007"/>
  <testcase classname="TestngProject.testng1.first" name="third" time="0.013"/>
  <testcase classname="TestngProject.testng1.first" name="third" time="0.026"/>
  <testcase classname="TestngProject.testng1.first" name="third" time="0.018"/>
</testsuite> <!-- TestngProject.testng1.first -->
