<?xml version="1.0" encoding="UTF-8"?>
<!-- Generated by org.testng.reporters.JUnitReportReporter -->
<testsuite hostname="HVTNDAL0854" failures="0" tests="1" name="TestngProject.testng1.second" time="0.013" errors="0" timestamp="2024-05-02T19:56:59 IST" skipped="0">
  <testcase classname="TestngProject.testng1.second" name="demo" time="0.013"/>
</testsuite> <!-- TestngProject.testng1.second -->
